<?xml version="1.0" encoding="UTF-8"?>
<testng-results ignored="0" total="1" passed="1" failed="0" skipped="0">
  <reporter-output>
  </reporter-output>
  <suite started-at="2025-07-03T16:33:42 IST" name="Suite" finished-at="2025-07-03T16:34:57 IST" duration-ms="74902">
    <groups>
    </groups>
    <test started-at="2025-07-03T16:33:42 IST" name="Test" finished-at="2025-07-03T16:34:57 IST" duration-ms="74902">
      <class name="TC_AB.Tc_AddReview">
        <test-method is-config="true" signature="setUp(java.lang.String)[pri:0, instance:TC_AB.Tc_AddReview@7ac2e39b]" started-at="2025-07-03T16:33:42 IST" name="setUp" finished-at="2025-07-03T16:33:49 IST" duration-ms="6636" status="PASS">
          <params>
            <param index="0">
              <value>
                <![CDATA[chrome]]>
              </value>
            </param>
          </params>
          <reporter-output>
          </reporter-output>
        </test-method> <!-- setUp -->
        <test-method signature="addReview()[pri:0, instance:TC_AB.Tc_AddReview@7ac2e39b]" started-at="2025-07-03T16:33:49 IST" name="addReview" finished-at="2025-07-03T16:34:57 IST" duration-ms="68213" status="PASS">
          <reporter-output>
          </reporter-output>
        </test-method> <!-- addReview -->
      </class> <!-- TC_AB.Tc_AddReview -->
    </test> <!-- Test -->
  </suite> <!-- Suite -->
</testng-results>
